<?xml version="1.0" encoding="UTF-8"?>
<testng-results skipped="0" failed="5" ignored="0" total="20" passed="15">
  <reporter-output>
  </reporter-output>
  <suite name="com.sjsu.socratic.socratic.SampleTest" duration-ms="536301" started-at="2020-04-22T20:06:43Z" finished-at="2020-04-22T20:15:39Z">
    <groups>
    </groups>
    <test name="Command line test" duration-ms="536301" started-at="2020-04-22T20:06:43Z" finished-at="2020-04-22T20:15:39Z">
      <class name="com.sjsu.socratic.socratic.SampleTest">
        <test-method status="PASS" signature="setUp()[pri:0, instance:com.sjsu.socratic.socratic.SampleTest@49993335]" name="setUp" is-config="true" duration-ms="7" started-at="2020-04-22T13:06:43Z" finished-at="2020-04-22T13:06:43Z">
          <reporter-output>
          </reporter-output>
        </test-method> <!-- setUp -->
        <test-method status="PASS" signature="testsocratic(java.lang.String, java.lang.String)[pri:0, instance:com.sjsu.socratic.socratic.SampleTest@49993335]" name="testsocratic" duration-ms="28346" started-at="2020-04-22T13:06:43Z" data-provider="data-provider" finished-at="2020-04-22T13:07:11Z">
          <params>
            <param index="0">
              <value>
                <![CDATA[1]]>
              </value>
            </param>
            <param index="1">
              <value>
                <![CDATA[4]]>
              </value>
            </param>
          </params>
          <reporter-output>
          </reporter-output>
        </test-method> <!-- testsocratic -->
        <test-method status="PASS" signature="testsocratic(java.lang.String, java.lang.String)[pri:0, instance:com.sjsu.socratic.socratic.SampleTest@49993335]" name="testsocratic" duration-ms="28518" started-at="2020-04-22T13:07:11Z" data-provider="data-provider" finished-at="2020-04-22T13:07:40Z">
          <params>
            <param index="0">
              <value>
                <![CDATA[2]]>
              </value>
            </param>
            <param index="1">
              <value>
                <![CDATA[5]]>
              </value>
            </param>
          </params>
          <reporter-output>
          </reporter-output>
        </test-method> <!-- testsocratic -->
        <test-method status="PASS" signature="testsocratic(java.lang.String, java.lang.String)[pri:0, instance:com.sjsu.socratic.socratic.SampleTest@49993335]" name="testsocratic" duration-ms="28684" started-at="2020-04-22T13:07:40Z" data-provider="data-provider" finished-at="2020-04-22T13:08:08Z">
          <params>
            <param index="0">
              <value>
                <![CDATA[3]]>
              </value>
            </param>
            <param index="1">
              <value>
                <![CDATA[102]]>
              </value>
            </param>
          </params>
          <reporter-output>
          </reporter-output>
        </test-method> <!-- testsocratic -->
        <test-method status="PASS" signature="testsocratic(java.lang.String, java.lang.String)[pri:0, instance:com.sjsu.socratic.socratic.SampleTest@49993335]" name="testsocratic" duration-ms="28108" started-at="2020-04-22T13:08:08Z" data-provider="data-provider" finished-at="2020-04-22T13:08:37Z">
          <params>
            <param index="0">
              <value>
                <![CDATA[4]]>
              </value>
            </param>
            <param index="1">
              <value>
                <![CDATA[2x plus 1 equals 5]]>
              </value>
            </param>
          </params>
          <reporter-output>
          </reporter-output>
        </test-method> <!-- testsocratic -->
        <test-method status="FAIL" signature="testsocratic(java.lang.String, java.lang.String)[pri:0, instance:com.sjsu.socratic.socratic.SampleTest@49993335]" name="testsocratic" duration-ms="27792" started-at="2020-04-22T13:08:37Z" data-provider="data-provider" finished-at="2020-04-22T13:09:04Z">
          <params>
            <param index="0">
              <value>
                <![CDATA[5]]>
              </value>
            </param>
            <param index="1">
              <value>
                <![CDATA[left parenthesis 2  plus  3 right parenthesis   caret  2 equals 25]]>
              </value>
            </param>
          </params>
          <exception class="org.openqa.selenium.NoSuchElementException">
            <message>
              <![CDATA[An element could not be located on the page using the given search parameters.
For documentation on this error, please visit: https://www.seleniumhq.org/exceptions/no_such_element.html
Build info: version: '3.141.59', revision: 'e82be7d358', time: '2018-11-14T08:17:03'
System info: host: 'Anurags-MacBook-Pro.local', ip: '2601:646:8f80:d800:0:0:0:61e2%en0', os.name: 'Mac OS X', os.arch: 'x86_64', os.version: '10.15.2', java.version: '1.8.0_221'
Driver info: io.appium.java_client.AppiumDriver
Capabilities {BROWSER_NAME: Android, appActivity: com.google.android.apps.edu..., appPackage: com.google.socratic, databaseEnabled: false, desired: {BROWSER_NAME: Android, appActivity: com.google.android.apps.edu..., appPackage: com.google.socratic, deviceName: ba3eedaa, platformName: android}, deviceApiLevel: 28, deviceManufacturer: OnePlus, deviceModel: GM1901, deviceName: ba3eedaa, deviceScreenDensity: 420, deviceScreenSize: 1080x2340, deviceUDID: ba3eedaa, javascriptEnabled: true, locationContextEnabled: false, networkConnectionEnabled: true, pixelRatio: 2.625, platform: LINUX, platformName: Android, platformVersion: 9, statBarHeight: 80, takesScreenshot: true, viewportRect: {height: 2054, left: 0, top: 80, width: 1080}, warnings: {}, webStorageEnabled: false}
Session ID: cdd3576d-fec6-4db8-b1d1-82bc4ef05097
*** Element info: {Using=id, value=com.google.socratic:id/question_math}]]>
            </message>
            <full-stacktrace>
              <![CDATA[org.openqa.selenium.NoSuchElementException: An element could not be located on the page using the given search parameters.
For documentation on this error, please visit: https://www.seleniumhq.org/exceptions/no_such_element.html
Build info: version: '3.141.59', revision: 'e82be7d358', time: '2018-11-14T08:17:03'
System info: host: 'Anurags-MacBook-Pro.local', ip: '2601:646:8f80:d800:0:0:0:61e2%en0', os.name: 'Mac OS X', os.arch: 'x86_64', os.version: '10.15.2', java.version: '1.8.0_221'
Driver info: io.appium.java_client.AppiumDriver
Capabilities {BROWSER_NAME: Android, appActivity: com.google.android.apps.edu..., appPackage: com.google.socratic, databaseEnabled: false, desired: {BROWSER_NAME: Android, appActivity: com.google.android.apps.edu..., appPackage: com.google.socratic, deviceName: ba3eedaa, platformName: android}, deviceApiLevel: 28, deviceManufacturer: OnePlus, deviceModel: GM1901, deviceName: ba3eedaa, deviceScreenDensity: 420, deviceScreenSize: 1080x2340, deviceUDID: ba3eedaa, javascriptEnabled: true, locationContextEnabled: false, networkConnectionEnabled: true, pixelRatio: 2.625, platform: LINUX, platformName: Android, platformVersion: 9, statBarHeight: 80, takesScreenshot: true, viewportRect: {height: 2054, left: 0, top: 80, width: 1080}, warnings: {}, webStorageEnabled: false}
Session ID: cdd3576d-fec6-4db8-b1d1-82bc4ef05097
*** Element info: {Using=id, value=com.google.socratic:id/question_math}
	at sun.reflect.NativeConstructorAccessorImpl.newInstance0(Native Method)
	at sun.reflect.NativeConstructorAccessorImpl.newInstance(NativeConstructorAccessorImpl.java:62)
	at sun.reflect.DelegatingConstructorAccessorImpl.newInstance(DelegatingConstructorAccessorImpl.java:45)
	at java.lang.reflect.Constructor.newInstance(Constructor.java:423)
	at org.openqa.selenium.remote.http.W3CHttpResponseCodec.createException(W3CHttpResponseCodec.java:187)
	at org.openqa.selenium.remote.http.W3CHttpResponseCodec.decode(W3CHttpResponseCodec.java:122)
	at org.openqa.selenium.remote.http.W3CHttpResponseCodec.decode(W3CHttpResponseCodec.java:49)
	at org.openqa.selenium.remote.HttpCommandExecutor.execute(HttpCommandExecutor.java:158)
	at io.appium.java_client.remote.AppiumCommandExecutor.execute(AppiumCommandExecutor.java:239)
	at org.openqa.selenium.remote.RemoteWebDriver.execute(RemoteWebDriver.java:552)
	at io.appium.java_client.DefaultGenericMobileDriver.execute(DefaultGenericMobileDriver.java:41)
	at io.appium.java_client.AppiumDriver.execute(AppiumDriver.java:1)
	at org.openqa.selenium.remote.RemoteWebDriver.findElement(RemoteWebDriver.java:323)
	at io.appium.java_client.DefaultGenericMobileDriver.findElement(DefaultGenericMobileDriver.java:61)
	at io.appium.java_client.AppiumDriver.findElement(AppiumDriver.java:1)
	at org.openqa.selenium.remote.RemoteWebDriver.findElementById(RemoteWebDriver.java:372)
	at io.appium.java_client.DefaultGenericMobileDriver.findElementById(DefaultGenericMobileDriver.java:69)
	at io.appium.java_client.AppiumDriver.findElementById(AppiumDriver.java:1)
	at org.openqa.selenium.By$ById.findElement(By.java:188)
	at org.openqa.selenium.remote.RemoteWebDriver.findElement(RemoteWebDriver.java:315)
	at io.appium.java_client.DefaultGenericMobileDriver.findElement(DefaultGenericMobileDriver.java:57)
	at io.appium.java_client.AppiumDriver.findElement(AppiumDriver.java:1)
	at com.sjsu.socratic.socratic.SampleTest.testsocratic(SampleTest.java:147)
	at sun.reflect.NativeMethodAccessorImpl.invoke0(Native Method)
	at sun.reflect.NativeMethodAccessorImpl.invoke(NativeMethodAccessorImpl.java:62)
	at sun.reflect.DelegatingMethodAccessorImpl.invoke(DelegatingMethodAccessorImpl.java:43)
	at java.lang.reflect.Method.invoke(Method.java:498)
	at org.testng.internal.MethodInvocationHelper.invokeMethod(MethodInvocationHelper.java:104)
	at org.testng.internal.Invoker.invokeMethod(Invoker.java:645)
	at org.testng.internal.Invoker.invokeTestMethod(Invoker.java:851)
	at org.testng.internal.Invoker.invokeTestMethods(Invoker.java:1177)
	at org.testng.internal.TestMethodWorker.invokeTestMethods(TestMethodWorker.java:129)
	at org.testng.internal.TestMethodWorker.run(TestMethodWorker.java:112)
	at org.testng.TestRunner.privateRun(TestRunner.java:756)
	at org.testng.TestRunner.run(TestRunner.java:610)
	at org.testng.SuiteRunner.runTest(SuiteRunner.java:387)
	at org.testng.SuiteRunner.runSequentially(SuiteRunner.java:382)
	at org.testng.SuiteRunner.privateRun(SuiteRunner.java:340)
	at org.testng.SuiteRunner.run(SuiteRunner.java:289)
	at org.testng.SuiteRunnerWorker.runSuite(SuiteRunnerWorker.java:52)
	at org.testng.SuiteRunnerWorker.run(SuiteRunnerWorker.java:86)
	at org.testng.TestNG.runSuitesSequentially(TestNG.java:1293)
	at org.testng.TestNG.runSuitesLocally(TestNG.java:1218)
	at org.testng.TestNG.runSuites(TestNG.java:1133)
	at org.testng.TestNG.run(TestNG.java:1104)
	at org.apache.maven.surefire.testng.TestNGExecutor.run(TestNGExecutor.java:77)
	at org.apache.maven.surefire.testng.TestNGDirectoryTestSuite.execute(TestNGDirectoryTestSuite.java:110)
	at org.apache.maven.surefire.testng.TestNGProvider.invoke(TestNGProvider.java:106)
	at sun.reflect.NativeMethodAccessorImpl.invoke0(Native Method)
	at sun.reflect.NativeMethodAccessorImpl.invoke(NativeMethodAccessorImpl.java:62)
	at sun.reflect.DelegatingMethodAccessorImpl.invoke(DelegatingMethodAccessorImpl.java:43)
	at java.lang.reflect.Method.invoke(Method.java:498)
	at org.apache.maven.surefire.util.ReflectionUtils.invokeMethodWithArray(ReflectionUtils.java:189)
	at org.apache.maven.surefire.booter.ProviderFactory$ProviderProxy.invoke(ProviderFactory.java:165)
	at org.apache.maven.surefire.booter.ProviderFactory.invokeProvider(ProviderFactory.java:85)
	at org.apache.maven.surefire.booter.ForkedBooter.runSuitesInProcess(ForkedBooter.java:115)
	at org.apache.maven.surefire.booter.ForkedBooter.main(ForkedBooter.java:75)
]]>
            </full-stacktrace>
          </exception> <!-- org.openqa.selenium.NoSuchElementException -->
          <reporter-output>
          </reporter-output>
        </test-method> <!-- testsocratic -->
        <test-method status="FAIL" signature="testsocratic(java.lang.String, java.lang.String)[pri:0, instance:com.sjsu.socratic.socratic.SampleTest@49993335]" name="testsocratic" duration-ms="26279" started-at="2020-04-22T13:09:04Z" data-provider="data-provider" finished-at="2020-04-22T13:09:31Z">
          <params>
            <param index="0">
              <value>
                <![CDATA[6]]>
              </value>
            </param>
            <param index="1">
              <value>
                <![CDATA[3967672674789433]]>
              </value>
            </param>
          </params>
          <exception class="org.openqa.selenium.NoSuchElementException">
            <message>
              <![CDATA[An element could not be located on the page using the given search parameters.
For documentation on this error, please visit: https://www.seleniumhq.org/exceptions/no_such_element.html
Build info: version: '3.141.59', revision: 'e82be7d358', time: '2018-11-14T08:17:03'
System info: host: 'Anurags-MacBook-Pro.local', ip: '2601:646:8f80:d800:0:0:0:61e2%en0', os.name: 'Mac OS X', os.arch: 'x86_64', os.version: '10.15.2', java.version: '1.8.0_221'
Driver info: io.appium.java_client.AppiumDriver
Capabilities {BROWSER_NAME: Android, appActivity: com.google.android.apps.edu..., appPackage: com.google.socratic, databaseEnabled: false, desired: {BROWSER_NAME: Android, appActivity: com.google.android.apps.edu..., appPackage: com.google.socratic, deviceName: ba3eedaa, platformName: android}, deviceApiLevel: 28, deviceManufacturer: OnePlus, deviceModel: GM1901, deviceName: ba3eedaa, deviceScreenDensity: 420, deviceScreenSize: 1080x2340, deviceUDID: ba3eedaa, javascriptEnabled: true, locationContextEnabled: false, networkConnectionEnabled: true, pixelRatio: 2.625, platform: LINUX, platformName: Android, platformVersion: 9, statBarHeight: 80, takesScreenshot: true, viewportRect: {height: 2054, left: 0, top: 80, width: 1080}, warnings: {}, webStorageEnabled: false}
Session ID: 675cf0b0-4039-4321-8163-679d641767fb
*** Element info: {Using=id, value=com.google.socratic:id/question_math}]]>
            </message>
            <full-stacktrace>
              <![CDATA[org.openqa.selenium.NoSuchElementException: An element could not be located on the page using the given search parameters.
For documentation on this error, please visit: https://www.seleniumhq.org/exceptions/no_such_element.html
Build info: version: '3.141.59', revision: 'e82be7d358', time: '2018-11-14T08:17:03'
System info: host: 'Anurags-MacBook-Pro.local', ip: '2601:646:8f80:d800:0:0:0:61e2%en0', os.name: 'Mac OS X', os.arch: 'x86_64', os.version: '10.15.2', java.version: '1.8.0_221'
Driver info: io.appium.java_client.AppiumDriver
Capabilities {BROWSER_NAME: Android, appActivity: com.google.android.apps.edu..., appPackage: com.google.socratic, databaseEnabled: false, desired: {BROWSER_NAME: Android, appActivity: com.google.android.apps.edu..., appPackage: com.google.socratic, deviceName: ba3eedaa, platformName: android}, deviceApiLevel: 28, deviceManufacturer: OnePlus, deviceModel: GM1901, deviceName: ba3eedaa, deviceScreenDensity: 420, deviceScreenSize: 1080x2340, deviceUDID: ba3eedaa, javascriptEnabled: true, locationContextEnabled: false, networkConnectionEnabled: true, pixelRatio: 2.625, platform: LINUX, platformName: Android, platformVersion: 9, statBarHeight: 80, takesScreenshot: true, viewportRect: {height: 2054, left: 0, top: 80, width: 1080}, warnings: {}, webStorageEnabled: false}
Session ID: 675cf0b0-4039-4321-8163-679d641767fb
*** Element info: {Using=id, value=com.google.socratic:id/question_math}
	at sun.reflect.NativeConstructorAccessorImpl.newInstance0(Native Method)
	at sun.reflect.NativeConstructorAccessorImpl.newInstance(NativeConstructorAccessorImpl.java:62)
	at sun.reflect.DelegatingConstructorAccessorImpl.newInstance(DelegatingConstructorAccessorImpl.java:45)
	at java.lang.reflect.Constructor.newInstance(Constructor.java:423)
	at org.openqa.selenium.remote.http.W3CHttpResponseCodec.createException(W3CHttpResponseCodec.java:187)
	at org.openqa.selenium.remote.http.W3CHttpResponseCodec.decode(W3CHttpResponseCodec.java:122)
	at org.openqa.selenium.remote.http.W3CHttpResponseCodec.decode(W3CHttpResponseCodec.java:49)
	at org.openqa.selenium.remote.HttpCommandExecutor.execute(HttpCommandExecutor.java:158)
	at io.appium.java_client.remote.AppiumCommandExecutor.execute(AppiumCommandExecutor.java:239)
	at org.openqa.selenium.remote.RemoteWebDriver.execute(RemoteWebDriver.java:552)
	at io.appium.java_client.DefaultGenericMobileDriver.execute(DefaultGenericMobileDriver.java:41)
	at io.appium.java_client.AppiumDriver.execute(AppiumDriver.java:1)
	at org.openqa.selenium.remote.RemoteWebDriver.findElement(RemoteWebDriver.java:323)
	at io.appium.java_client.DefaultGenericMobileDriver.findElement(DefaultGenericMobileDriver.java:61)
	at io.appium.java_client.AppiumDriver.findElement(AppiumDriver.java:1)
	at org.openqa.selenium.remote.RemoteWebDriver.findElementById(RemoteWebDriver.java:372)
	at io.appium.java_client.DefaultGenericMobileDriver.findElementById(DefaultGenericMobileDriver.java:69)
	at io.appium.java_client.AppiumDriver.findElementById(AppiumDriver.java:1)
	at org.openqa.selenium.By$ById.findElement(By.java:188)
	at org.openqa.selenium.remote.RemoteWebDriver.findElement(RemoteWebDriver.java:315)
	at io.appium.java_client.DefaultGenericMobileDriver.findElement(DefaultGenericMobileDriver.java:57)
	at io.appium.java_client.AppiumDriver.findElement(AppiumDriver.java:1)
	at com.sjsu.socratic.socratic.SampleTest.testsocratic(SampleTest.java:147)
	at sun.reflect.NativeMethodAccessorImpl.invoke0(Native Method)
	at sun.reflect.NativeMethodAccessorImpl.invoke(NativeMethodAccessorImpl.java:62)
	at sun.reflect.DelegatingMethodAccessorImpl.invoke(DelegatingMethodAccessorImpl.java:43)
	at java.lang.reflect.Method.invoke(Method.java:498)
	at org.testng.internal.MethodInvocationHelper.invokeMethod(MethodInvocationHelper.java:104)
	at org.testng.internal.Invoker.invokeMethod(Invoker.java:645)
	at org.testng.internal.Invoker.invokeTestMethod(Invoker.java:851)
	at org.testng.internal.Invoker.invokeTestMethods(Invoker.java:1177)
	at org.testng.internal.TestMethodWorker.invokeTestMethods(TestMethodWorker.java:129)
	at org.testng.internal.TestMethodWorker.run(TestMethodWorker.java:112)
	at org.testng.TestRunner.privateRun(TestRunner.java:756)
	at org.testng.TestRunner.run(TestRunner.java:610)
	at org.testng.SuiteRunner.runTest(SuiteRunner.java:387)
	at org.testng.SuiteRunner.runSequentially(SuiteRunner.java:382)
	at org.testng.SuiteRunner.privateRun(SuiteRunner.java:340)
	at org.testng.SuiteRunner.run(SuiteRunner.java:289)
	at org.testng.SuiteRunnerWorker.runSuite(SuiteRunnerWorker.java:52)
	at org.testng.SuiteRunnerWorker.run(SuiteRunnerWorker.java:86)
	at org.testng.TestNG.runSuitesSequentially(TestNG.java:1293)
	at org.testng.TestNG.runSuitesLocally(TestNG.java:1218)
	at org.testng.TestNG.runSuites(TestNG.java:1133)
	at org.testng.TestNG.run(TestNG.java:1104)
	at org.apache.maven.surefire.testng.TestNGExecutor.run(TestNGExecutor.java:77)
	at org.apache.maven.surefire.testng.TestNGDirectoryTestSuite.execute(TestNGDirectoryTestSuite.java:110)
	at org.apache.maven.surefire.testng.TestNGProvider.invoke(TestNGProvider.java:106)
	at sun.reflect.NativeMethodAccessorImpl.invoke0(Native Method)
	at sun.reflect.NativeMethodAccessorImpl.invoke(NativeMethodAccessorImpl.java:62)
	at sun.reflect.DelegatingMethodAccessorImpl.invoke(DelegatingMethodAccessorImpl.java:43)
	at java.lang.reflect.Method.invoke(Method.java:498)
	at org.apache.maven.surefire.util.ReflectionUtils.invokeMethodWithArray(ReflectionUtils.java:189)
	at org.apache.maven.surefire.booter.ProviderFactory$ProviderProxy.invoke(ProviderFactory.java:165)
	at org.apache.maven.surefire.booter.ProviderFactory.invokeProvider(ProviderFactory.java:85)
	at org.apache.maven.surefire.booter.ForkedBooter.runSuitesInProcess(ForkedBooter.java:115)
	at org.apache.maven.surefire.booter.ForkedBooter.main(ForkedBooter.java:75)
]]>
            </full-stacktrace>
          </exception> <!-- org.openqa.selenium.NoSuchElementException -->
          <reporter-output>
          </reporter-output>
        </test-method> <!-- testsocratic -->
        <test-method status="PASS" signature="testsocratic(java.lang.String, java.lang.String)[pri:0, instance:com.sjsu.socratic.socratic.SampleTest@49993335]" name="testsocratic" duration-ms="28483" started-at="2020-04-22T13:09:31Z" data-provider="data-provider" finished-at="2020-04-22T13:09:59Z">
          <params>
            <param index="0">
              <value>
                <![CDATA[7]]>
              </value>
            </param>
            <param index="1">
              <value>
                <![CDATA[10]]>
              </value>
            </param>
          </params>
          <reporter-output>
          </reporter-output>
        </test-method> <!-- testsocratic -->
        <test-method status="PASS" signature="testsocratic(java.lang.String, java.lang.String)[pri:0, instance:com.sjsu.socratic.socratic.SampleTest@49993335]" name="testsocratic" duration-ms="28844" started-at="2020-04-22T13:09:59Z" data-provider="data-provider" finished-at="2020-04-22T13:10:28Z">
          <params>
            <param index="0">
              <value>
                <![CDATA[8]]>
              </value>
            </param>
            <param index="1">
              <value>
                <![CDATA[220]]>
              </value>
            </param>
          </params>
          <reporter-output>
          </reporter-output>
        </test-method> <!-- testsocratic -->
        <test-method status="PASS" signature="testsocratic(java.lang.String, java.lang.String)[pri:0, instance:com.sjsu.socratic.socratic.SampleTest@49993335]" name="testsocratic" duration-ms="28440" started-at="2020-04-22T13:10:28Z" data-provider="data-provider" finished-at="2020-04-22T13:10:56Z">
          <params>
            <param index="0">
              <value>
                <![CDATA[9]]>
              </value>
            </param>
            <param index="1">
              <value>
                <![CDATA[x  caret  2  dash  3x  plus  2  equals  0]]>
              </value>
            </param>
          </params>
          <reporter-output>
          </reporter-output>
        </test-method> <!-- testsocratic -->
        <test-method status="PASS" signature="testsocratic(java.lang.String, java.lang.String)[pri:0, instance:com.sjsu.socratic.socratic.SampleTest@49993335]" name="testsocratic" duration-ms="27431" started-at="2020-04-22T13:10:56Z" data-provider="data-provider" finished-at="2020-04-22T13:11:24Z">
          <params>
            <param index="0">
              <value>
                <![CDATA[10]]>
              </value>
            </param>
            <param index="1">
              <value>
                <![CDATA[3x  caret  2  dash  5x  plus  6  equals  0]]>
              </value>
            </param>
          </params>
          <reporter-output>
          </reporter-output>
        </test-method> <!-- testsocratic -->
        <test-method status="PASS" signature="testsocratic(java.lang.String, java.lang.String)[pri:0, instance:com.sjsu.socratic.socratic.SampleTest@49993335]" name="testsocratic" duration-ms="26611" started-at="2020-04-22T13:11:24Z" data-provider="data-provider" finished-at="2020-04-22T13:11:50Z">
          <params>
            <param index="0">
              <value>
                <![CDATA[11]]>
              </value>
            </param>
            <param index="1">
              <value>
                <![CDATA[4]]>
              </value>
            </param>
          </params>
          <reporter-output>
          </reporter-output>
        </test-method> <!-- testsocratic -->
        <test-method status="PASS" signature="testsocratic(java.lang.String, java.lang.String)[pri:0, instance:com.sjsu.socratic.socratic.SampleTest@49993335]" name="testsocratic" duration-ms="27040" started-at="2020-04-22T13:11:50Z" data-provider="data-provider" finished-at="2020-04-22T13:12:17Z">
          <params>
            <param index="0">
              <value>
                <![CDATA[12]]>
              </value>
            </param>
            <param index="1">
              <value>
                <![CDATA[5]]>
              </value>
            </param>
          </params>
          <reporter-output>
          </reporter-output>
        </test-method> <!-- testsocratic -->
        <test-method status="PASS" signature="testsocratic(java.lang.String, java.lang.String)[pri:0, instance:com.sjsu.socratic.socratic.SampleTest@49993335]" name="testsocratic" duration-ms="27298" started-at="2020-04-22T13:12:17Z" data-provider="data-provider" finished-at="2020-04-22T13:12:45Z">
          <params>
            <param index="0">
              <value>
                <![CDATA[13]]>
              </value>
            </param>
            <param index="1">
              <value>
                <![CDATA[102]]>
              </value>
            </param>
          </params>
          <reporter-output>
          </reporter-output>
        </test-method> <!-- testsocratic -->
        <test-method status="PASS" signature="testsocratic(java.lang.String, java.lang.String)[pri:0, instance:com.sjsu.socratic.socratic.SampleTest@49993335]" name="testsocratic" duration-ms="26927" started-at="2020-04-22T13:12:45Z" data-provider="data-provider" finished-at="2020-04-22T13:13:12Z">
          <params>
            <param index="0">
              <value>
                <![CDATA[14]]>
              </value>
            </param>
            <param index="1">
              <value>
                <![CDATA[2x plus 1 equals 5]]>
              </value>
            </param>
          </params>
          <reporter-output>
          </reporter-output>
        </test-method> <!-- testsocratic -->
        <test-method status="FAIL" signature="testsocratic(java.lang.String, java.lang.String)[pri:0, instance:com.sjsu.socratic.socratic.SampleTest@49993335]" name="testsocratic" duration-ms="13749" started-at="2020-04-22T13:13:12Z" data-provider="data-provider" finished-at="2020-04-22T13:13:25Z">
          <params>
            <param index="0">
              <value>
                <![CDATA[15]]>
              </value>
            </param>
            <param index="1">
              <value>
                <![CDATA[left parenthesis 2  plus  3 right parenthesis   caret  2 equals 25]]>
              </value>
            </param>
          </params>
          <exception class="org.openqa.selenium.NoSuchElementException">
            <message>
              <![CDATA[An element could not be located on the page using the given search parameters.
For documentation on this error, please visit: https://www.seleniumhq.org/exceptions/no_such_element.html
Build info: version: '3.141.59', revision: 'e82be7d358', time: '2018-11-14T08:17:03'
System info: host: 'Anurags-MacBook-Pro.local', ip: '2601:646:8f80:d800:0:0:0:61e2%en0', os.name: 'Mac OS X', os.arch: 'x86_64', os.version: '10.15.2', java.version: '1.8.0_221'
Driver info: io.appium.java_client.AppiumDriver
Capabilities {BROWSER_NAME: Android, appActivity: com.google.android.apps.edu..., appPackage: com.google.socratic, databaseEnabled: false, desired: {BROWSER_NAME: Android, appActivity: com.google.android.apps.edu..., appPackage: com.google.socratic, deviceName: ba3eedaa, platformName: android}, deviceApiLevel: 28, deviceManufacturer: OnePlus, deviceModel: GM1901, deviceName: ba3eedaa, deviceScreenDensity: 420, deviceScreenSize: 1080x2340, deviceUDID: ba3eedaa, javascriptEnabled: true, locationContextEnabled: false, networkConnectionEnabled: true, pixelRatio: 2.625, platform: LINUX, platformName: Android, platformVersion: 9, statBarHeight: 80, takesScreenshot: true, viewportRect: {height: 2054, left: 0, top: 80, width: 1080}, warnings: {}, webStorageEnabled: false}
Session ID: 074d6d29-042b-42eb-81cc-4cf763358622
*** Element info: {Using=id, value=com.google.socratic:id/button}]]>
            </message>
            <full-stacktrace>
              <![CDATA[org.openqa.selenium.NoSuchElementException: An element could not be located on the page using the given search parameters.
For documentation on this error, please visit: https://www.seleniumhq.org/exceptions/no_such_element.html
Build info: version: '3.141.59', revision: 'e82be7d358', time: '2018-11-14T08:17:03'
System info: host: 'Anurags-MacBook-Pro.local', ip: '2601:646:8f80:d800:0:0:0:61e2%en0', os.name: 'Mac OS X', os.arch: 'x86_64', os.version: '10.15.2', java.version: '1.8.0_221'
Driver info: io.appium.java_client.AppiumDriver
Capabilities {BROWSER_NAME: Android, appActivity: com.google.android.apps.edu..., appPackage: com.google.socratic, databaseEnabled: false, desired: {BROWSER_NAME: Android, appActivity: com.google.android.apps.edu..., appPackage: com.google.socratic, deviceName: ba3eedaa, platformName: android}, deviceApiLevel: 28, deviceManufacturer: OnePlus, deviceModel: GM1901, deviceName: ba3eedaa, deviceScreenDensity: 420, deviceScreenSize: 1080x2340, deviceUDID: ba3eedaa, javascriptEnabled: true, locationContextEnabled: false, networkConnectionEnabled: true, pixelRatio: 2.625, platform: LINUX, platformName: Android, platformVersion: 9, statBarHeight: 80, takesScreenshot: true, viewportRect: {height: 2054, left: 0, top: 80, width: 1080}, warnings: {}, webStorageEnabled: false}
Session ID: 074d6d29-042b-42eb-81cc-4cf763358622
*** Element info: {Using=id, value=com.google.socratic:id/button}
	at sun.reflect.NativeConstructorAccessorImpl.newInstance0(Native Method)
	at sun.reflect.NativeConstructorAccessorImpl.newInstance(NativeConstructorAccessorImpl.java:62)
	at sun.reflect.DelegatingConstructorAccessorImpl.newInstance(DelegatingConstructorAccessorImpl.java:45)
	at java.lang.reflect.Constructor.newInstance(Constructor.java:423)
	at org.openqa.selenium.remote.http.W3CHttpResponseCodec.createException(W3CHttpResponseCodec.java:187)
	at org.openqa.selenium.remote.http.W3CHttpResponseCodec.decode(W3CHttpResponseCodec.java:122)
	at org.openqa.selenium.remote.http.W3CHttpResponseCodec.decode(W3CHttpResponseCodec.java:49)
	at org.openqa.selenium.remote.HttpCommandExecutor.execute(HttpCommandExecutor.java:158)
	at io.appium.java_client.remote.AppiumCommandExecutor.execute(AppiumCommandExecutor.java:239)
	at org.openqa.selenium.remote.RemoteWebDriver.execute(RemoteWebDriver.java:552)
	at io.appium.java_client.DefaultGenericMobileDriver.execute(DefaultGenericMobileDriver.java:41)
	at io.appium.java_client.AppiumDriver.execute(AppiumDriver.java:1)
	at org.openqa.selenium.remote.RemoteWebDriver.findElement(RemoteWebDriver.java:323)
	at io.appium.java_client.DefaultGenericMobileDriver.findElement(DefaultGenericMobileDriver.java:61)
	at io.appium.java_client.AppiumDriver.findElement(AppiumDriver.java:1)
	at org.openqa.selenium.remote.RemoteWebDriver.findElementById(RemoteWebDriver.java:372)
	at io.appium.java_client.DefaultGenericMobileDriver.findElementById(DefaultGenericMobileDriver.java:69)
	at io.appium.java_client.AppiumDriver.findElementById(AppiumDriver.java:1)
	at org.openqa.selenium.By$ById.findElement(By.java:188)
	at org.openqa.selenium.remote.RemoteWebDriver.findElement(RemoteWebDriver.java:315)
	at io.appium.java_client.DefaultGenericMobileDriver.findElement(DefaultGenericMobileDriver.java:57)
	at io.appium.java_client.AppiumDriver.findElement(AppiumDriver.java:1)
	at com.sjsu.socratic.socratic.SampleTest.testsocratic(SampleTest.java:130)
	at sun.reflect.NativeMethodAccessorImpl.invoke0(Native Method)
	at sun.reflect.NativeMethodAccessorImpl.invoke(NativeMethodAccessorImpl.java:62)
	at sun.reflect.DelegatingMethodAccessorImpl.invoke(DelegatingMethodAccessorImpl.java:43)
	at java.lang.reflect.Method.invoke(Method.java:498)
	at org.testng.internal.MethodInvocationHelper.invokeMethod(MethodInvocationHelper.java:104)
	at org.testng.internal.Invoker.invokeMethod(Invoker.java:645)
	at org.testng.internal.Invoker.invokeTestMethod(Invoker.java:851)
	at org.testng.internal.Invoker.invokeTestMethods(Invoker.java:1177)
	at org.testng.internal.TestMethodWorker.invokeTestMethods(TestMethodWorker.java:129)
	at org.testng.internal.TestMethodWorker.run(TestMethodWorker.java:112)
	at org.testng.TestRunner.privateRun(TestRunner.java:756)
	at org.testng.TestRunner.run(TestRunner.java:610)
	at org.testng.SuiteRunner.runTest(SuiteRunner.java:387)
	at org.testng.SuiteRunner.runSequentially(SuiteRunner.java:382)
	at org.testng.SuiteRunner.privateRun(SuiteRunner.java:340)
	at org.testng.SuiteRunner.run(SuiteRunner.java:289)
	at org.testng.SuiteRunnerWorker.runSuite(SuiteRunnerWorker.java:52)
	at org.testng.SuiteRunnerWorker.run(SuiteRunnerWorker.java:86)
	at org.testng.TestNG.runSuitesSequentially(TestNG.java:1293)
	at org.testng.TestNG.runSuitesLocally(TestNG.java:1218)
	at org.testng.TestNG.runSuites(TestNG.java:1133)
	at org.testng.TestNG.run(TestNG.java:1104)
	at org.apache.maven.surefire.testng.TestNGExecutor.run(TestNGExecutor.java:77)
	at org.apache.maven.surefire.testng.TestNGDirectoryTestSuite.execute(TestNGDirectoryTestSuite.java:110)
	at org.apache.maven.surefire.testng.TestNGProvider.invoke(TestNGProvider.java:106)
	at sun.reflect.NativeMethodAccessorImpl.invoke0(Native Method)
	at sun.reflect.NativeMethodAccessorImpl.invoke(NativeMethodAccessorImpl.java:62)
	at sun.reflect.DelegatingMethodAccessorImpl.invoke(DelegatingMethodAccessorImpl.java:43)
	at java.lang.reflect.Method.invoke(Method.java:498)
	at org.apache.maven.surefire.util.ReflectionUtils.invokeMethodWithArray(ReflectionUtils.java:189)
	at org.apache.maven.surefire.booter.ProviderFactory$ProviderProxy.invoke(ProviderFactory.java:165)
	at org.apache.maven.surefire.booter.ProviderFactory.invokeProvider(ProviderFactory.java:85)
	at org.apache.maven.surefire.booter.ForkedBooter.runSuitesInProcess(ForkedBooter.java:115)
	at org.apache.maven.surefire.booter.ForkedBooter.main(ForkedBooter.java:75)
]]>
            </full-stacktrace>
          </exception> <!-- org.openqa.selenium.NoSuchElementException -->
          <reporter-output>
          </reporter-output>
        </test-method> <!-- testsocratic -->
        <test-method status="FAIL" signature="testsocratic(java.lang.String, java.lang.String)[pri:0, instance:com.sjsu.socratic.socratic.SampleTest@49993335]" name="testsocratic" duration-ms="21487" started-at="2020-04-22T13:13:25Z" data-provider="data-provider" finished-at="2020-04-22T13:13:47Z">
          <params>
            <param index="0">
              <value>
                <![CDATA[16]]>
              </value>
            </param>
            <param index="1">
              <value>
                <![CDATA[3967672674789433]]>
              </value>
            </param>
          </params>
          <exception class="org.openqa.selenium.WebDriverException">
            <message>
              <![CDATA[An unknown server-side error occurred while processing the command. Original error: Could not proxy command to remote server. Original error: Error: socket hang up
Build info: version: '3.141.59', revision: 'e82be7d358', time: '2018-11-14T08:17:03'
System info: host: 'Anurags-MacBook-Pro.local', ip: '2601:646:8f80:d800:0:0:0:61e2%en0', os.name: 'Mac OS X', os.arch: 'x86_64', os.version: '10.15.2', java.version: '1.8.0_221'
Driver info: io.appium.java_client.AppiumDriver
Capabilities {BROWSER_NAME: Android, appActivity: com.google.android.apps.edu..., appPackage: com.google.socratic, databaseEnabled: false, desired: {BROWSER_NAME: Android, appActivity: com.google.android.apps.edu..., appPackage: com.google.socratic, deviceName: ba3eedaa, platformName: android}, deviceApiLevel: 28, deviceManufacturer: OnePlus, deviceModel: GM1901, deviceName: ba3eedaa, deviceScreenDensity: 420, deviceScreenSize: 1080x2340, deviceUDID: ba3eedaa, javascriptEnabled: true, locationContextEnabled: false, networkConnectionEnabled: true, pixelRatio: 2.625, platform: LINUX, platformName: Android, platformVersion: 9, statBarHeight: 80, takesScreenshot: true, viewportRect: {height: 2054, left: 0, top: 80, width: 1080}, warnings: {}, webStorageEnabled: false}
Session ID: c43f0f28-997f-40dc-ac7a-9cf4631d21a3
*** Element info: {Using=id, value=com.google.socratic:id/camera_button}]]>
            </message>
            <full-stacktrace>
              <![CDATA[org.openqa.selenium.WebDriverException: An unknown server-side error occurred while processing the command. Original error: Could not proxy command to remote server. Original error: Error: socket hang up
Build info: version: '3.141.59', revision: 'e82be7d358', time: '2018-11-14T08:17:03'
System info: host: 'Anurags-MacBook-Pro.local', ip: '2601:646:8f80:d800:0:0:0:61e2%en0', os.name: 'Mac OS X', os.arch: 'x86_64', os.version: '10.15.2', java.version: '1.8.0_221'
Driver info: io.appium.java_client.AppiumDriver
Capabilities {BROWSER_NAME: Android, appActivity: com.google.android.apps.edu..., appPackage: com.google.socratic, databaseEnabled: false, desired: {BROWSER_NAME: Android, appActivity: com.google.android.apps.edu..., appPackage: com.google.socratic, deviceName: ba3eedaa, platformName: android}, deviceApiLevel: 28, deviceManufacturer: OnePlus, deviceModel: GM1901, deviceName: ba3eedaa, deviceScreenDensity: 420, deviceScreenSize: 1080x2340, deviceUDID: ba3eedaa, javascriptEnabled: true, locationContextEnabled: false, networkConnectionEnabled: true, pixelRatio: 2.625, platform: LINUX, platformName: Android, platformVersion: 9, statBarHeight: 80, takesScreenshot: true, viewportRect: {height: 2054, left: 0, top: 80, width: 1080}, warnings: {}, webStorageEnabled: false}
Session ID: c43f0f28-997f-40dc-ac7a-9cf4631d21a3
*** Element info: {Using=id, value=com.google.socratic:id/camera_button}
	at sun.reflect.NativeConstructorAccessorImpl.newInstance0(Native Method)
	at sun.reflect.NativeConstructorAccessorImpl.newInstance(NativeConstructorAccessorImpl.java:62)
	at sun.reflect.DelegatingConstructorAccessorImpl.newInstance(DelegatingConstructorAccessorImpl.java:45)
	at java.lang.reflect.Constructor.newInstance(Constructor.java:423)
	at org.openqa.selenium.remote.http.W3CHttpResponseCodec.createException(W3CHttpResponseCodec.java:187)
	at org.openqa.selenium.remote.http.W3CHttpResponseCodec.decode(W3CHttpResponseCodec.java:122)
	at org.openqa.selenium.remote.http.W3CHttpResponseCodec.decode(W3CHttpResponseCodec.java:49)
	at org.openqa.selenium.remote.HttpCommandExecutor.execute(HttpCommandExecutor.java:158)
	at io.appium.java_client.remote.AppiumCommandExecutor.execute(AppiumCommandExecutor.java:239)
	at org.openqa.selenium.remote.RemoteWebDriver.execute(RemoteWebDriver.java:552)
	at io.appium.java_client.DefaultGenericMobileDriver.execute(DefaultGenericMobileDriver.java:41)
	at io.appium.java_client.AppiumDriver.execute(AppiumDriver.java:1)
	at org.openqa.selenium.remote.RemoteWebDriver.findElement(RemoteWebDriver.java:323)
	at io.appium.java_client.DefaultGenericMobileDriver.findElement(DefaultGenericMobileDriver.java:61)
	at io.appium.java_client.AppiumDriver.findElement(AppiumDriver.java:1)
	at org.openqa.selenium.remote.RemoteWebDriver.findElementById(RemoteWebDriver.java:372)
	at io.appium.java_client.DefaultGenericMobileDriver.findElementById(DefaultGenericMobileDriver.java:69)
	at io.appium.java_client.AppiumDriver.findElementById(AppiumDriver.java:1)
	at org.openqa.selenium.By$ById.findElement(By.java:188)
	at org.openqa.selenium.remote.RemoteWebDriver.findElement(RemoteWebDriver.java:315)
	at io.appium.java_client.DefaultGenericMobileDriver.findElement(DefaultGenericMobileDriver.java:57)
	at io.appium.java_client.AppiumDriver.findElement(AppiumDriver.java:1)
	at com.sjsu.socratic.socratic.SampleTest.testsocratic(SampleTest.java:139)
	at sun.reflect.NativeMethodAccessorImpl.invoke0(Native Method)
	at sun.reflect.NativeMethodAccessorImpl.invoke(NativeMethodAccessorImpl.java:62)
	at sun.reflect.DelegatingMethodAccessorImpl.invoke(DelegatingMethodAccessorImpl.java:43)
	at java.lang.reflect.Method.invoke(Method.java:498)
	at org.testng.internal.MethodInvocationHelper.invokeMethod(MethodInvocationHelper.java:104)
	at org.testng.internal.Invoker.invokeMethod(Invoker.java:645)
	at org.testng.internal.Invoker.invokeTestMethod(Invoker.java:851)
	at org.testng.internal.Invoker.invokeTestMethods(Invoker.java:1177)
	at org.testng.internal.TestMethodWorker.invokeTestMethods(TestMethodWorker.java:129)
	at org.testng.internal.TestMethodWorker.run(TestMethodWorker.java:112)
	at org.testng.TestRunner.privateRun(TestRunner.java:756)
	at org.testng.TestRunner.run(TestRunner.java:610)
	at org.testng.SuiteRunner.runTest(SuiteRunner.java:387)
	at org.testng.SuiteRunner.runSequentially(SuiteRunner.java:382)
	at org.testng.SuiteRunner.privateRun(SuiteRunner.java:340)
	at org.testng.SuiteRunner.run(SuiteRunner.java:289)
	at org.testng.SuiteRunnerWorker.runSuite(SuiteRunnerWorker.java:52)
	at org.testng.SuiteRunnerWorker.run(SuiteRunnerWorker.java:86)
	at org.testng.TestNG.runSuitesSequentially(TestNG.java:1293)
	at org.testng.TestNG.runSuitesLocally(TestNG.java:1218)
	at org.testng.TestNG.runSuites(TestNG.java:1133)
	at org.testng.TestNG.run(TestNG.java:1104)
	at org.apache.maven.surefire.testng.TestNGExecutor.run(TestNGExecutor.java:77)
	at org.apache.maven.surefire.testng.TestNGDirectoryTestSuite.execute(TestNGDirectoryTestSuite.java:110)
	at org.apache.maven.surefire.testng.TestNGProvider.invoke(TestNGProvider.java:106)
	at sun.reflect.NativeMethodAccessorImpl.invoke0(Native Method)
	at sun.reflect.NativeMethodAccessorImpl.invoke(NativeMethodAccessorImpl.java:62)
	at sun.reflect.DelegatingMethodAccessorImpl.invoke(DelegatingMethodAccessorImpl.java:43)
	at java.lang.reflect.Method.invoke(Method.java:498)
	at org.apache.maven.surefire.util.ReflectionUtils.invokeMethodWithArray(ReflectionUtils.java:189)
	at org.apache.maven.surefire.booter.ProviderFactory$ProviderProxy.invoke(ProviderFactory.java:165)
	at org.apache.maven.surefire.booter.ProviderFactory.invokeProvider(ProviderFactory.java:85)
	at org.apache.maven.surefire.booter.ForkedBooter.runSuitesInProcess(ForkedBooter.java:115)
	at org.apache.maven.surefire.booter.ForkedBooter.main(ForkedBooter.java:75)
]]>
            </full-stacktrace>
          </exception> <!-- org.openqa.selenium.WebDriverException -->
          <reporter-output>
          </reporter-output>
        </test-method> <!-- testsocratic -->
        <test-method status="FAIL" signature="testsocratic(java.lang.String, java.lang.String)[pri:0, instance:com.sjsu.socratic.socratic.SampleTest@49993335]" name="testsocratic" duration-ms="25022" started-at="2020-04-22T13:13:47Z" data-provider="data-provider" finished-at="2020-04-22T13:14:12Z">
          <params>
            <param index="0">
              <value>
                <![CDATA[17]]>
              </value>
            </param>
            <param index="1">
              <value>
                <![CDATA[10]]>
              </value>
            </param>
          </params>
          <exception class="org.openqa.selenium.WebDriverException">
            <message>
              <![CDATA[An unknown server-side error occurred while processing the command. Original error: Could not proxy command to remote server. Original error: Error: socket hang up
Build info: version: '3.141.59', revision: 'e82be7d358', time: '2018-11-14T08:17:03'
System info: host: 'Anurags-MacBook-Pro.local', ip: '2601:646:8f80:d800:0:0:0:61e2%en0', os.name: 'Mac OS X', os.arch: 'x86_64', os.version: '10.15.2', java.version: '1.8.0_221'
Driver info: io.appium.java_client.AppiumDriver
Capabilities {BROWSER_NAME: Android, appActivity: com.google.android.apps.edu..., appPackage: com.google.socratic, databaseEnabled: false, desired: {BROWSER_NAME: Android, appActivity: com.google.android.apps.edu..., appPackage: com.google.socratic, deviceName: ba3eedaa, platformName: android}, deviceApiLevel: 28, deviceManufacturer: OnePlus, deviceModel: GM1901, deviceName: ba3eedaa, deviceScreenDensity: 420, deviceScreenSize: 1080x2340, deviceUDID: ba3eedaa, javascriptEnabled: true, locationContextEnabled: false, networkConnectionEnabled: true, pixelRatio: 2.625, platform: LINUX, platformName: Android, platformVersion: 9, statBarHeight: 80, takesScreenshot: true, viewportRect: {height: 2054, left: 0, top: 80, width: 1080}, warnings: {}, webStorageEnabled: false}
Session ID: 30921dca-9ec8-4fc1-a8b5-84123ed201f6
*** Element info: {Using=id, value=com.google.socratic:id/accept_button}]]>
            </message>
            <full-stacktrace>
              <![CDATA[org.openqa.selenium.WebDriverException: An unknown server-side error occurred while processing the command. Original error: Could not proxy command to remote server. Original error: Error: socket hang up
Build info: version: '3.141.59', revision: 'e82be7d358', time: '2018-11-14T08:17:03'
System info: host: 'Anurags-MacBook-Pro.local', ip: '2601:646:8f80:d800:0:0:0:61e2%en0', os.name: 'Mac OS X', os.arch: 'x86_64', os.version: '10.15.2', java.version: '1.8.0_221'
Driver info: io.appium.java_client.AppiumDriver
Capabilities {BROWSER_NAME: Android, appActivity: com.google.android.apps.edu..., appPackage: com.google.socratic, databaseEnabled: false, desired: {BROWSER_NAME: Android, appActivity: com.google.android.apps.edu..., appPackage: com.google.socratic, deviceName: ba3eedaa, platformName: android}, deviceApiLevel: 28, deviceManufacturer: OnePlus, deviceModel: GM1901, deviceName: ba3eedaa, deviceScreenDensity: 420, deviceScreenSize: 1080x2340, deviceUDID: ba3eedaa, javascriptEnabled: true, locationContextEnabled: false, networkConnectionEnabled: true, pixelRatio: 2.625, platform: LINUX, platformName: Android, platformVersion: 9, statBarHeight: 80, takesScreenshot: true, viewportRect: {height: 2054, left: 0, top: 80, width: 1080}, warnings: {}, webStorageEnabled: false}
Session ID: 30921dca-9ec8-4fc1-a8b5-84123ed201f6
*** Element info: {Using=id, value=com.google.socratic:id/accept_button}
	at sun.reflect.NativeConstructorAccessorImpl.newInstance0(Native Method)
	at sun.reflect.NativeConstructorAccessorImpl.newInstance(NativeConstructorAccessorImpl.java:62)
	at sun.reflect.DelegatingConstructorAccessorImpl.newInstance(DelegatingConstructorAccessorImpl.java:45)
	at java.lang.reflect.Constructor.newInstance(Constructor.java:423)
	at org.openqa.selenium.remote.http.W3CHttpResponseCodec.createException(W3CHttpResponseCodec.java:187)
	at org.openqa.selenium.remote.http.W3CHttpResponseCodec.decode(W3CHttpResponseCodec.java:122)
	at org.openqa.selenium.remote.http.W3CHttpResponseCodec.decode(W3CHttpResponseCodec.java:49)
	at org.openqa.selenium.remote.HttpCommandExecutor.execute(HttpCommandExecutor.java:158)
	at io.appium.java_client.remote.AppiumCommandExecutor.execute(AppiumCommandExecutor.java:239)
	at org.openqa.selenium.remote.RemoteWebDriver.execute(RemoteWebDriver.java:552)
	at io.appium.java_client.DefaultGenericMobileDriver.execute(DefaultGenericMobileDriver.java:41)
	at io.appium.java_client.AppiumDriver.execute(AppiumDriver.java:1)
	at org.openqa.selenium.remote.RemoteWebDriver.findElement(RemoteWebDriver.java:323)
	at io.appium.java_client.DefaultGenericMobileDriver.findElement(DefaultGenericMobileDriver.java:61)
	at io.appium.java_client.AppiumDriver.findElement(AppiumDriver.java:1)
	at org.openqa.selenium.remote.RemoteWebDriver.findElementById(RemoteWebDriver.java:372)
	at io.appium.java_client.DefaultGenericMobileDriver.findElementById(DefaultGenericMobileDriver.java:69)
	at io.appium.java_client.AppiumDriver.findElementById(AppiumDriver.java:1)
	at org.openqa.selenium.By$ById.findElement(By.java:188)
	at org.openqa.selenium.remote.RemoteWebDriver.findElement(RemoteWebDriver.java:315)
	at io.appium.java_client.DefaultGenericMobileDriver.findElement(DefaultGenericMobileDriver.java:57)
	at io.appium.java_client.AppiumDriver.findElement(AppiumDriver.java:1)
	at com.sjsu.socratic.socratic.SampleTest.testsocratic(SampleTest.java:143)
	at sun.reflect.GeneratedMethodAccessor1.invoke(Unknown Source)
	at sun.reflect.DelegatingMethodAccessorImpl.invoke(DelegatingMethodAccessorImpl.java:43)
	at java.lang.reflect.Method.invoke(Method.java:498)
	at org.testng.internal.MethodInvocationHelper.invokeMethod(MethodInvocationHelper.java:104)
	at org.testng.internal.Invoker.invokeMethod(Invoker.java:645)
	at org.testng.internal.Invoker.invokeTestMethod(Invoker.java:851)
	at org.testng.internal.Invoker.invokeTestMethods(Invoker.java:1177)
	at org.testng.internal.TestMethodWorker.invokeTestMethods(TestMethodWorker.java:129)
	at org.testng.internal.TestMethodWorker.run(TestMethodWorker.java:112)
	at org.testng.TestRunner.privateRun(TestRunner.java:756)
	at org.testng.TestRunner.run(TestRunner.java:610)
	at org.testng.SuiteRunner.runTest(SuiteRunner.java:387)
	at org.testng.SuiteRunner.runSequentially(SuiteRunner.java:382)
	at org.testng.SuiteRunner.privateRun(SuiteRunner.java:340)
	at org.testng.SuiteRunner.run(SuiteRunner.java:289)
	at org.testng.SuiteRunnerWorker.runSuite(SuiteRunnerWorker.java:52)
	at org.testng.SuiteRunnerWorker.run(SuiteRunnerWorker.java:86)
	at org.testng.TestNG.runSuitesSequentially(TestNG.java:1293)
	at org.testng.TestNG.runSuitesLocally(TestNG.java:1218)
	at org.testng.TestNG.runSuites(TestNG.java:1133)
	at org.testng.TestNG.run(TestNG.java:1104)
	at org.apache.maven.surefire.testng.TestNGExecutor.run(TestNGExecutor.java:77)
	at org.apache.maven.surefire.testng.TestNGDirectoryTestSuite.execute(TestNGDirectoryTestSuite.java:110)
	at org.apache.maven.surefire.testng.TestNGProvider.invoke(TestNGProvider.java:106)
	at sun.reflect.NativeMethodAccessorImpl.invoke0(Native Method)
	at sun.reflect.NativeMethodAccessorImpl.invoke(NativeMethodAccessorImpl.java:62)
	at sun.reflect.DelegatingMethodAccessorImpl.invoke(DelegatingMethodAccessorImpl.java:43)
	at java.lang.reflect.Method.invoke(Method.java:498)
	at org.apache.maven.surefire.util.ReflectionUtils.invokeMethodWithArray(ReflectionUtils.java:189)
	at org.apache.maven.surefire.booter.ProviderFactory$ProviderProxy.invoke(ProviderFactory.java:165)
	at org.apache.maven.surefire.booter.ProviderFactory.invokeProvider(ProviderFactory.java:85)
	at org.apache.maven.surefire.booter.ForkedBooter.runSuitesInProcess(ForkedBooter.java:115)
	at org.apache.maven.surefire.booter.ForkedBooter.main(ForkedBooter.java:75)
]]>
            </full-stacktrace>
          </exception> <!-- org.openqa.selenium.WebDriverException -->
          <reporter-output>
          </reporter-output>
        </test-method> <!-- testsocratic -->
        <test-method status="PASS" signature="testsocratic(java.lang.String, java.lang.String)[pri:0, instance:com.sjsu.socratic.socratic.SampleTest@49993335]" name="testsocratic" duration-ms="28542" started-at="2020-04-22T13:14:12Z" data-provider="data-provider" finished-at="2020-04-22T13:14:41Z">
          <params>
            <param index="0">
              <value>
                <![CDATA[18]]>
              </value>
            </param>
            <param index="1">
              <value>
                <![CDATA[220]]>
              </value>
            </param>
          </params>
          <reporter-output>
          </reporter-output>
        </test-method> <!-- testsocratic -->
        <test-method status="PASS" signature="testsocratic(java.lang.String, java.lang.String)[pri:0, instance:com.sjsu.socratic.socratic.SampleTest@49993335]" name="testsocratic" duration-ms="28557" started-at="2020-04-22T13:14:41Z" data-provider="data-provider" finished-at="2020-04-22T13:15:09Z">
          <params>
            <param index="0">
              <value>
                <![CDATA[19]]>
              </value>
            </param>
            <param index="1">
              <value>
                <![CDATA[x  caret  2  dash  3x  plus  2  equals  0]]>
              </value>
            </param>
          </params>
          <reporter-output>
          </reporter-output>
        </test-method> <!-- testsocratic -->
        <test-method status="PASS" signature="testsocratic(java.lang.String, java.lang.String)[pri:0, instance:com.sjsu.socratic.socratic.SampleTest@49993335]" name="testsocratic" duration-ms="29941" started-at="2020-04-22T13:15:09Z" data-provider="data-provider" finished-at="2020-04-22T13:15:39Z">
          <params>
            <param index="0">
              <value>
                <![CDATA[20]]>
              </value>
            </param>
            <param index="1">
              <value>
                <![CDATA[3x  caret  2  dash  5x  plus  6  equals  0]]>
              </value>
            </param>
          </params>
          <reporter-output>
          </reporter-output>
        </test-method> <!-- testsocratic -->
        <test-method status="PASS" signature="endTest()[pri:0, instance:com.sjsu.socratic.socratic.SampleTest@49993335]" name="endTest" is-config="true" duration-ms="168" started-at="2020-04-22T13:15:39Z" finished-at="2020-04-22T13:15:39Z">
          <reporter-output>
          </reporter-output>
        </test-method> <!-- endTest -->
      </class> <!-- com.sjsu.socratic.socratic.SampleTest -->
    </test> <!-- Command line test -->
  </suite> <!-- com.sjsu.socratic.socratic.SampleTest -->
</testng-results>
